<?xml version="1.0" encoding="UTF-8"?>
<testng-results skipped="0" failed="0" ignored="0" total="1" passed="1">
  <reporter-output>
  </reporter-output>
  <suite name="Default suite" duration-ms="90031" started-at="2020-02-05T18:11:23 COT" finished-at="2020-02-05T18:12:53 COT">
    <groups>
      <group name="cucumber">
        <method signature="AbstractTestNGCucumberTests.feature(cucumber.api.testng.CucumberFeatureWrapper)[pri:0, instance:VentasFija.runner.TestRunner@7e2d773b]" name="feature" class="cucumber.api.testng.AbstractTestNGCucumberTests"/>
      </group> <!-- cucumber -->
    </groups>
    <test name="Default test" duration-ms="90031" started-at="2020-02-05T18:11:23 COT" finished-at="2020-02-05T18:12:53 COT">
      <class name="VentasFija.runner.TestRunner">
        <test-method status="PASS" signature="setUpClass()[pri:0, instance:VentasFija.runner.TestRunner@7e2d773b]" name="setUpClass" is-config="true" duration-ms="1047" started-at="2020-02-05T18:11:23 COT" finished-at="2020-02-05T18:11:24 COT">
          <reporter-output>
          </reporter-output>
        </test-method> <!-- setUpClass -->
        <test-method status="PASS" signature="feature(cucumber.api.testng.CucumberFeatureWrapper)[pri:0, instance:VentasFija.runner.TestRunner@7e2d773b]" name="feature" duration-ms="88563" started-at="2020-02-05T18:11:25 COT" description="Runs Cucumber Feature" data-provider="features" finished-at="2020-02-05T18:12:53 COT">
          <params>
            <param index="0">
              <value>
                <![CDATA[Añadir Items al carro de Compra y realizar el pago]]>
              </value>
            </param>
          </params>
          <reporter-output>
          </reporter-output>
        </test-method> <!-- feature -->
        <test-method status="PASS" signature="tearDownClass()[pri:0, instance:VentasFija.runner.TestRunner@7e2d773b]" name="tearDownClass" is-config="true" duration-ms="9" started-at="2020-02-05T18:12:53 COT" finished-at="2020-02-05T18:12:53 COT">
          <reporter-output>
          </reporter-output>
        </test-method> <!-- tearDownClass -->
      </class> <!-- VentasFija.runner.TestRunner -->
    </test> <!-- Default test -->
  </suite> <!-- Default suite -->
</testng-results>
